[2025-01-11 00:06:10] === Nouvelle recherche ===
[2025-01-11 00:06:10] Terme recherché : dev
[2025-01-11 00:06:10] Connexion à la base de données OK
[2025-01-11 00:06:10] Nombre d'entrées dans la table articles: 8
[2025-01-11 00:06:10] Exemple d'entrée dans articles: Array
(
    [id] => 1
    [titre] => Article de test
    [contenu] => <p>Ceci est un article de test pour vérifier le bon fonctionnement du système.</p>
    [image_url] => 
    [categorie] => Actualités
    [date_creation] => 2025-01-06 00:24:23
    [date_modification] => 2025-01-06 00:24:23
    [auteur_id] => 
    [statut] => publie
)

[2025-01-11 00:06:10] Nombre d'entrées dans la table formations_formations: 5
[2025-01-11 00:06:10] Exemple d'entrée dans formations_formations: Array
(
    [id] => 1
    [titre] => Formation PHP Avancé
    [description] => Apprenez les concepts avancés de PHP
    [date_debut] => 2025-01-15
    [date_fin] => 2025-01-20
    [statut] => planifiee
    [created_at] => 2025-01-01 03:54:29
    [updated_at] => 2025-01-01 03:54:29
)

[2025-01-11 00:06:10] Nombre d'entrées dans la table outils: 6
[2025-01-11 00:06:10] Exemple d'entrée dans outils: Array
(
    [id] => 1
    [nom] => Perceuse Thomas
    [description] => Perceuse électrique professionnelle
    [categorie] => Outillage électrique
    [etat] => disponible
    [date_creation] => 2025-01-08 19:14:08
    [date_modification] => 2025-01-08 19:14:08
)

[2025-01-11 00:06:10] Nombre d'entrées dans la table register_entries: 0
[2025-01-11 00:06:10] Terme recherché : dev
[2025-01-11 00:06:10] Pattern de recherche : %dev%
[2025-01-11 00:06:10] Articles trouvés : 0
[2025-01-11 00:06:10] Erreur PDO : SQLSTATE[42S22]: Column not found: 1054 Champ 'objectifs' inconnu dans field list
[2025-01-11 00:06:10] Code d'erreur : 42S22
[2025-01-11 00:06:10] Trace : #0 C:\Users\Anthony\CascadeProjects\weballone-wao\search.php(96): PDO->prepare('SELECT id, titr...')
#1 {main}
[2025-01-11 00:06:10] Erreur PDO : SQLSTATE[42S22]: Column not found: 1054 Champ 'objectifs' inconnu dans field list
[2025-01-11 00:06:10] Code d'erreur : 42S22
[2025-01-11 00:06:10] Trace : #0 C:\Users\Anthony\CascadeProjects\weballone-wao\search.php(96): PDO->prepare('SELECT id, titr...')
#1 {main}
[2025-01-11 00:08:35] === Nouvelle recherche ===
[2025-01-11 00:08:35] Terme recherché : dev
[2025-01-11 00:08:35] Connexion à la base de données OK
[2025-01-11 00:08:35] Nombre d'entrées dans la table articles: 8
[2025-01-11 00:08:35] Exemple d'entrée dans articles: Array
(
    [id] => 1
    [titre] => Article de test
    [contenu] => <p>Ceci est un article de test pour vérifier le bon fonctionnement du système.</p>
    [image_url] => 
    [categorie] => Actualités
    [date_creation] => 2025-01-06 00:24:23
    [date_modification] => 2025-01-06 00:24:23
    [auteur_id] => 
    [statut] => publie
)

[2025-01-11 00:08:35] Nombre d'entrées dans la table formations_formations: 5
[2025-01-11 00:08:35] Exemple d'entrée dans formations_formations: Array
(
    [id] => 1
    [titre] => Formation PHP Avancé
    [description] => Apprenez les concepts avancés de PHP
    [date_debut] => 2025-01-15
    [date_fin] => 2025-01-20
    [statut] => planifiee
    [created_at] => 2025-01-01 03:54:29
    [updated_at] => 2025-01-01 03:54:29
)

[2025-01-11 00:08:35] Nombre d'entrées dans la table outils: 6
[2025-01-11 00:08:35] Exemple d'entrée dans outils: Array
(
    [id] => 1
    [nom] => Perceuse Thomas
    [description] => Perceuse électrique professionnelle
    [categorie] => Outillage électrique
    [etat] => disponible
    [date_creation] => 2025-01-08 19:14:08
    [date_modification] => 2025-01-08 19:14:08
)

[2025-01-11 00:08:35] Nombre d'entrées dans la table register_entries: 0
[2025-01-11 00:08:35] Terme recherché : dev
[2025-01-11 00:08:35] Pattern de recherche : %dev%
[2025-01-11 00:08:35] Articles trouvés : 0
[2025-01-11 00:08:35] Erreur PDO : SQLSTATE[42S22]: Column not found: 1054 Champ 'prerequis' inconnu dans field list
[2025-01-11 00:08:35] Code d'erreur : 42S22
[2025-01-11 00:08:35] Trace : #0 C:\Users\Anthony\CascadeProjects\weballone-wao\search.php(95): PDO->prepare('SELECT id, titr...')
#1 {main}
[2025-01-11 00:08:35] Erreur PDO : SQLSTATE[42S22]: Column not found: 1054 Champ 'prerequis' inconnu dans field list
[2025-01-11 00:08:35] Code d'erreur : 42S22
[2025-01-11 00:08:35] Trace : #0 C:\Users\Anthony\CascadeProjects\weballone-wao\search.php(95): PDO->prepare('SELECT id, titr...')
#1 {main}
[2025-01-11 00:12:01] === Nouvelle recherche ===
[2025-01-11 00:12:01] Terme recherché : dev
[2025-01-11 00:12:01] Connexion à la base de données OK
[2025-01-11 00:12:01] Nombre d'entrées dans la table articles: 8
[2025-01-11 00:12:01] Exemple d'entrée dans articles: Array
(
    [id] => 1
    [titre] => Article de test
    [contenu] => <p>Ceci est un article de test pour vérifier le bon fonctionnement du système.</p>
    [image_url] => 
    [categorie] => Actualités
    [date_creation] => 2025-01-06 00:24:23
    [date_modification] => 2025-01-06 00:24:23
    [auteur_id] => 
    [statut] => publie
)

[2025-01-11 00:12:01] Nombre d'entrées dans la table formations_formations: 5
[2025-01-11 00:12:01] Exemple d'entrée dans formations_formations: Array
(
    [id] => 1
    [titre] => Formation PHP Avancé
    [description] => Apprenez les concepts avancés de PHP
    [date_debut] => 2025-01-15
    [date_fin] => 2025-01-20
    [statut] => planifiee
    [created_at] => 2025-01-01 03:54:29
    [updated_at] => 2025-01-01 03:54:29
)

[2025-01-11 00:12:01] Nombre d'entrées dans la table outils: 6
[2025-01-11 00:12:01] Exemple d'entrée dans outils: Array
(
    [id] => 1
    [nom] => Perceuse Thomas
    [description] => Perceuse électrique professionnelle
    [categorie] => Outillage électrique
    [etat] => disponible
    [date_creation] => 2025-01-08 19:14:08
    [date_modification] => 2025-01-08 19:14:08
)

[2025-01-11 00:12:01] Nombre d'entrées dans la table register_entries: 0
[2025-01-11 00:12:01] Terme recherché : dev
[2025-01-11 00:12:01] Pattern de recherche : %dev%
[2025-01-11 00:12:01] Articles trouvés : 0
[2025-01-11 00:12:01] Formations trouvées : 0
[2025-01-11 00:12:01] Outils trouvés : 0
[2025-01-11 00:12:01] Entrées de registre trouvées : 0
[2025-01-11 00:12:01] Nombre total de résultats trouvés : 0
[2025-01-11 00:12:16] === Nouvelle recherche ===
[2025-01-11 00:12:16] Terme recherché : dev
[2025-01-11 00:12:16] Connexion à la base de données OK
[2025-01-11 00:12:16] Nombre d'entrées dans la table articles: 8
[2025-01-11 00:12:16] Exemple d'entrée dans articles: Array
(
    [id] => 1
    [titre] => Article de test
    [contenu] => <p>Ceci est un article de test pour vérifier le bon fonctionnement du système.</p>
    [image_url] => 
    [categorie] => Actualités
    [date_creation] => 2025-01-06 00:24:23
    [date_modification] => 2025-01-06 00:24:23
    [auteur_id] => 
    [statut] => publie
)

[2025-01-11 00:12:16] Nombre d'entrées dans la table formations_formations: 5
[2025-01-11 00:12:16] Exemple d'entrée dans formations_formations: Array
(
    [id] => 1
    [titre] => Formation PHP Avancé
    [description] => Apprenez les concepts avancés de PHP
    [date_debut] => 2025-01-15
    [date_fin] => 2025-01-20
    [statut] => planifiee
    [created_at] => 2025-01-01 03:54:29
    [updated_at] => 2025-01-01 03:54:29
)

[2025-01-11 00:12:16] Nombre d'entrées dans la table outils: 6
[2025-01-11 00:12:16] Exemple d'entrée dans outils: Array
(
    [id] => 1
    [nom] => Perceuse Thomas
    [description] => Perceuse électrique professionnelle
    [categorie] => Outillage électrique
    [etat] => disponible
    [date_creation] => 2025-01-08 19:14:08
    [date_modification] => 2025-01-08 19:14:08
)

[2025-01-11 00:12:16] Nombre d'entrées dans la table register_entries: 0
[2025-01-11 00:12:16] Terme recherché : dev
[2025-01-11 00:12:16] Pattern de recherche : %dev%
[2025-01-11 00:12:16] Articles trouvés : 0
[2025-01-11 00:12:16] Formations trouvées : 0
[2025-01-11 00:12:16] Outils trouvés : 0
[2025-01-11 00:12:16] Entrées de registre trouvées : 0
[2025-01-11 00:12:16] Nombre total de résultats trouvés : 0
[2025-01-11 00:14:22] === Nouvelle recherche ===
[2025-01-11 00:14:22] Terme recherché : php
[2025-01-11 00:14:22] Connexion à la base de données OK
[2025-01-11 00:14:22] Nombre d'entrées dans la table articles: 8
[2025-01-11 00:14:22] Exemple d'entrée dans articles: Array
(
    [id] => 1
    [titre] => Article de test
    [contenu] => <p>Ceci est un article de test pour vérifier le bon fonctionnement du système.</p>
    [image_url] => 
    [categorie] => Actualités
    [date_creation] => 2025-01-06 00:24:23
    [date_modification] => 2025-01-06 00:24:23
    [auteur_id] => 
    [statut] => publie
)

[2025-01-11 00:14:22] Nombre d'entrées dans la table formations_formations: 5
[2025-01-11 00:14:22] Exemple d'entrée dans formations_formations: Array
(
    [id] => 1
    [titre] => Formation PHP Avancé
    [description] => Apprenez les concepts avancés de PHP
    [date_debut] => 2025-01-15
    [date_fin] => 2025-01-20
    [statut] => planifiee
    [created_at] => 2025-01-01 03:54:29
    [updated_at] => 2025-01-01 03:54:29
)

[2025-01-11 00:14:22] Nombre d'entrées dans la table outils: 6
[2025-01-11 00:14:22] Exemple d'entrée dans outils: Array
(
    [id] => 1
    [nom] => Perceuse Thomas
    [description] => Perceuse électrique professionnelle
    [categorie] => Outillage électrique
    [etat] => disponible
    [date_creation] => 2025-01-08 19:14:08
    [date_modification] => 2025-01-08 19:14:08
)

[2025-01-11 00:14:22] Nombre d'entrées dans la table register_entries: 0
[2025-01-11 00:14:22] Terme recherché : php
[2025-01-11 00:14:22] Pattern de recherche : %php%
[2025-01-11 00:14:22] Articles trouvés : 0
[2025-01-11 00:14:22] Requête formations SQL : SELECT id, titre as title, 
                   CONCAT(titre, ' - ', description) as content,
                   date_debut as created_at, 
                   'formation' as type, 
                   'modules/formations/formations/voir.php' as link_prefix
                FROM formations_formations
                WHERE LOWER(CONVERT(CONCAT(titre, ' ', description) USING utf8)) LIKE LOWER(:pattern)
[2025-01-11 00:14:22] Pattern utilisé : %php%
[2025-01-11 00:14:22] Formations trouvées : 2
[2025-01-11 00:14:22] Outils trouvés : 1
[2025-01-11 00:14:22] Entrées de registre trouvées : 0
[2025-01-11 00:14:22] Nombre total de résultats trouvés : 3
[2025-01-11 00:14:22] Premier résultat : Array
(
    [id] => 4
    [title] => Formation PHP Avancé
    [content] => Formation PHP Avancé - Apprenez les concepts avancés de PHP
    [created_at] => 2025-02-01
    [type] => formation
    [link_prefix] => modules/formations/formations/voir.php
)

[2025-01-11 00:14:27] === Nouvelle recherche ===
[2025-01-11 00:14:27] Terme recherché : dev
[2025-01-11 00:14:27] Connexion à la base de données OK
[2025-01-11 00:14:27] Nombre d'entrées dans la table articles: 8
[2025-01-11 00:14:27] Exemple d'entrée dans articles: Array
(
    [id] => 1
    [titre] => Article de test
    [contenu] => <p>Ceci est un article de test pour vérifier le bon fonctionnement du système.</p>
    [image_url] => 
    [categorie] => Actualités
    [date_creation] => 2025-01-06 00:24:23
    [date_modification] => 2025-01-06 00:24:23
    [auteur_id] => 
    [statut] => publie
)

[2025-01-11 00:14:27] Nombre d'entrées dans la table formations_formations: 5
[2025-01-11 00:14:27] Exemple d'entrée dans formations_formations: Array
(
    [id] => 1
    [titre] => Formation PHP Avancé
    [description] => Apprenez les concepts avancés de PHP
    [date_debut] => 2025-01-15
    [date_fin] => 2025-01-20
    [statut] => planifiee
    [created_at] => 2025-01-01 03:54:29
    [updated_at] => 2025-01-01 03:54:29
)

[2025-01-11 00:14:27] Nombre d'entrées dans la table outils: 6
[2025-01-11 00:14:27] Exemple d'entrée dans outils: Array
(
    [id] => 1
    [nom] => Perceuse Thomas
    [description] => Perceuse électrique professionnelle
    [categorie] => Outillage électrique
    [etat] => disponible
    [date_creation] => 2025-01-08 19:14:08
    [date_modification] => 2025-01-08 19:14:08
)

[2025-01-11 00:14:27] Nombre d'entrées dans la table register_entries: 0
[2025-01-11 00:14:27] Terme recherché : dev
[2025-01-11 00:14:27] Pattern de recherche : %dev%
[2025-01-11 00:14:27] Articles trouvés : 0
[2025-01-11 00:14:27] Requête formations SQL : SELECT id, titre as title, 
                   CONCAT(titre, ' - ', description) as content,
                   date_debut as created_at, 
                   'formation' as type, 
                   'modules/formations/formations/voir.php' as link_prefix
                FROM formations_formations
                WHERE LOWER(CONVERT(CONCAT(titre, ' ', description) USING utf8)) LIKE LOWER(:pattern)
[2025-01-11 00:14:27] Pattern utilisé : %dev%
[2025-01-11 00:14:27] Formations trouvées : 0
[2025-01-11 00:14:27] Outils trouvés : 0
[2025-01-11 00:14:27] Entrées de registre trouvées : 0
[2025-01-11 00:14:27] Nombre total de résultats trouvés : 0
[2025-01-11 00:17:04] === Nouvelle recherche ===
[2025-01-11 00:17:04] Terme recherché : dev
[2025-01-11 00:17:04] Connexion à la base de données OK
[2025-01-11 00:17:04] Nombre d'entrées dans la table articles: 8
[2025-01-11 00:17:04] Exemple d'entrée dans articles: Array
(
    [id] => 1
    [titre] => Article de test
    [contenu] => <p>Ceci est un article de test pour vérifier le bon fonctionnement du système.</p>
    [image_url] => 
    [categorie] => Actualités
    [date_creation] => 2025-01-06 00:24:23
    [date_modification] => 2025-01-06 00:24:23
    [auteur_id] => 
    [statut] => publie
)

[2025-01-11 00:17:04] Nombre d'entrées dans la table formations_formations: 5
[2025-01-11 00:17:04] Exemple d'entrée dans formations_formations: Array
(
    [id] => 1
    [titre] => Formation PHP Avancé
    [description] => Apprenez les concepts avancés de PHP
    [date_debut] => 2025-01-15
    [date_fin] => 2025-01-20
    [statut] => planifiee
    [created_at] => 2025-01-01 03:54:29
    [updated_at] => 2025-01-01 03:54:29
)

[2025-01-11 00:17:04] Nombre d'entrées dans la table outils: 6
[2025-01-11 00:17:04] Exemple d'entrée dans outils: Array
(
    [id] => 1
    [nom] => Perceuse Thomas
    [description] => Perceuse électrique professionnelle
    [categorie] => Outillage électrique
    [etat] => disponible
    [date_creation] => 2025-01-08 19:14:08
    [date_modification] => 2025-01-08 19:14:08
)

[2025-01-11 00:17:04] Nombre d'entrées dans la table register_entries: 0
[2025-01-11 00:17:04] Terme recherché : dev
[2025-01-11 00:17:04] Pattern de recherche : %dev%
[2025-01-11 00:17:04] Articles trouvés : 0
[2025-01-11 00:17:04] Requête formations SQL : SELECT id, titre as title, 
                   CONCAT(titre, ' - ', description) as content,
                   date_debut as created_at, 
                   'formation' as type, 
                   'modules/formations/formations/voir.php' as link_prefix
                FROM formations_formations
                WHERE LOWER(CONVERT(CONCAT(titre, ' ', description, ' ', COALESCE(categorie, '')) USING utf8)) LIKE :pattern0
[2025-01-11 00:17:04] Termes recherchés : Array
(
    [:pattern0] => %dev%
)

[2025-01-11 00:17:04] Erreur PDO : SQLSTATE[42S22]: Column not found: 1054 Champ 'categorie' inconnu dans where clause
[2025-01-11 00:17:04] Code d'erreur : 42S22
[2025-01-11 00:17:04] Trace : #0 C:\Users\Anthony\CascadeProjects\weballone-wao\search.php(106): PDO->prepare('SELECT id, titr...')
#1 {main}
[2025-01-11 00:17:04] Erreur PDO : SQLSTATE[42S22]: Column not found: 1054 Champ 'categorie' inconnu dans where clause
[2025-01-11 00:17:04] Code d'erreur : 42S22
[2025-01-11 00:17:04] Trace : #0 C:\Users\Anthony\CascadeProjects\weballone-wao\search.php(106): PDO->prepare('SELECT id, titr...')
#1 {main}
[2025-01-11 00:22:25] === Nouvelle recherche ===
[2025-01-11 00:22:25] Terme recherché : dev
[2025-01-11 00:22:25] Connexion à la base de données OK
[2025-01-11 00:22:25] Nombre d'entrées dans la table articles: 8
[2025-01-11 00:22:25] Exemple d'entrée dans articles: Array
(
    [id] => 1
    [titre] => Article de test
    [contenu] => <p>Ceci est un article de test pour vérifier le bon fonctionnement du système.</p>
    [image_url] => 
    [categorie] => Actualités
    [date_creation] => 2025-01-06 00:24:23
    [date_modification] => 2025-01-06 00:24:23
    [auteur_id] => 
    [statut] => publie
)

[2025-01-11 00:22:25] Nombre d'entrées dans la table formations_formations: 5
[2025-01-11 00:22:25] Exemple d'entrée dans formations_formations: Array
(
    [id] => 1
    [titre] => Formation PHP Avancé
    [description] => Apprenez les concepts avancés de PHP
    [date_debut] => 2025-01-15
    [date_fin] => 2025-01-20
    [statut] => planifiee
    [created_at] => 2025-01-01 03:54:29
    [updated_at] => 2025-01-01 03:54:29
)

[2025-01-11 00:22:25] Nombre d'entrées dans la table outils: 6
[2025-01-11 00:22:25] Exemple d'entrée dans outils: Array
(
    [id] => 1
    [nom] => Perceuse Thomas
    [description] => Perceuse électrique professionnelle
    [categorie] => Outillage électrique
    [etat] => disponible
    [date_creation] => 2025-01-08 19:14:08
    [date_modification] => 2025-01-08 19:14:08
)

[2025-01-11 00:22:25] Nombre d'entrées dans la table register_entries: 0
[2025-01-11 00:22:25] Terme recherché : dev
[2025-01-11 00:22:25] Pattern de recherche : %dev%
[2025-01-11 00:22:25] Articles trouvés : 0
[2025-01-11 00:22:25] Requête formations SQL : SELECT id, titre as title, 
                   CONCAT(titre, ' - ', description) as content,
                   date_debut as created_at, 
                   'formation' as type, 
                   'modules/formations/formations/voir.php' as link_prefix
                FROM formations_formations
                WHERE LOWER(CONVERT(CONCAT(titre, ' ', description) USING utf8)) LIKE :pattern0
[2025-01-11 00:22:25] Termes recherchés : Array
(
    [:pattern0] => %dev%
)

[2025-01-11 00:22:25] Formations trouvées : 0
[2025-01-11 00:22:25] Outils trouvés : 0
[2025-01-11 00:22:25] Entrées de registre trouvées : 0
[2025-01-11 00:22:25] Nombre total de résultats trouvés : 0
[2025-01-11 00:25:22] === Nouvelle recherche ===
[2025-01-11 00:25:22] Terme recherché : dev
[2025-01-11 00:25:22] Connexion à la base de données OK
[2025-01-11 00:25:22] Nombre d'entrées dans la table articles: 8
[2025-01-11 00:25:22] Exemple d'entrée dans articles: Array
(
    [id] => 1
    [titre] => Article de test
    [contenu] => <p>Ceci est un article de test pour vérifier le bon fonctionnement du système.</p>
    [image_url] => 
    [categorie] => Actualités
    [date_creation] => 2025-01-06 00:24:23
    [date_modification] => 2025-01-06 00:24:23
    [auteur_id] => 
    [statut] => publie
)

[2025-01-11 00:25:22] Nombre d'entrées dans la table formations_formations: 5
[2025-01-11 00:25:22] Exemple d'entrée dans formations_formations: Array
(
    [id] => 1
    [titre] => Formation PHP Avancé
    [description] => Apprenez les concepts avancés de PHP
    [date_debut] => 2025-01-15
    [date_fin] => 2025-01-20
    [statut] => planifiee
    [created_at] => 2025-01-01 03:54:29
    [updated_at] => 2025-01-01 03:54:29
)

[2025-01-11 00:25:22] Nombre d'entrées dans la table outils: 6
[2025-01-11 00:25:22] Exemple d'entrée dans outils: Array
(
    [id] => 1
    [nom] => Perceuse Thomas
    [description] => Perceuse électrique professionnelle
    [categorie] => Outillage électrique
    [etat] => disponible
    [date_creation] => 2025-01-08 19:14:08
    [date_modification] => 2025-01-08 19:14:08
)

[2025-01-11 00:25:22] Nombre d'entrées dans la table register_entries: 0
[2025-01-11 00:25:22] Terme recherché : dev
[2025-01-11 00:25:22] Pattern de recherche : %dev%
[2025-01-11 00:25:22] Articles trouvés : 0
[2025-01-11 00:25:22] Termes étendus pour 'dev': dev, développement, development, developpement, développeur, developer
[2025-01-11 00:25:22] Requête formations SQL : SELECT id, titre as title, 
                   CONCAT(titre, ' - ', description) as content,
                   date_debut as created_at, 
                   'formation' as type, 
                   'modules/formations/formations/voir.php' as link_prefix
                FROM formations_formations
                WHERE LOWER(CONVERT(CONCAT(titre, ' ', description) USING utf8)) LIKE :pattern0 OR LOWER(CONVERT(CONCAT(titre, ' ', description) USING utf8)) LIKE :pattern1 OR LOWER(CONVERT(CONCAT(titre, ' ', description) USING utf8)) LIKE :pattern2 OR LOWER(CONVERT(CONCAT(titre, ' ', description) USING utf8)) LIKE :pattern3 OR LOWER(CONVERT(CONCAT(titre, ' ', description) USING utf8)) LIKE :pattern4 OR LOWER(CONVERT(CONCAT(titre, ' ', description) USING utf8)) LIKE :pattern5
[2025-01-11 00:25:22] Termes recherchés étendus : Array
(
    [:pattern0] => %dev%
    [:pattern1] => %développement%
    [:pattern2] => %development%
    [:pattern3] => %developpement%
    [:pattern4] => %développeur%
    [:pattern5] => %developer%
)

[2025-01-11 00:25:22] Formations trouvées : 0
[2025-01-11 00:25:22] Outils trouvés : 0
[2025-01-11 00:25:22] Entrées de registre trouvées : 0
[2025-01-11 00:25:22] Nombre total de résultats trouvés : 0
[2025-01-11 00:25:31] === Nouvelle recherche ===
[2025-01-11 00:25:31] Terme recherché : rapport
[2025-01-11 00:25:31] Connexion à la base de données OK
[2025-01-11 00:25:31] Nombre d'entrées dans la table articles: 8
[2025-01-11 00:25:31] Exemple d'entrée dans articles: Array
(
    [id] => 1
    [titre] => Article de test
    [contenu] => <p>Ceci est un article de test pour vérifier le bon fonctionnement du système.</p>
    [image_url] => 
    [categorie] => Actualités
    [date_creation] => 2025-01-06 00:24:23
    [date_modification] => 2025-01-06 00:24:23
    [auteur_id] => 
    [statut] => publie
)

[2025-01-11 00:25:31] Nombre d'entrées dans la table formations_formations: 5
[2025-01-11 00:25:31] Exemple d'entrée dans formations_formations: Array
(
    [id] => 1
    [titre] => Formation PHP Avancé
    [description] => Apprenez les concepts avancés de PHP
    [date_debut] => 2025-01-15
    [date_fin] => 2025-01-20
    [statut] => planifiee
    [created_at] => 2025-01-01 03:54:29
    [updated_at] => 2025-01-01 03:54:29
)

[2025-01-11 00:25:31] Nombre d'entrées dans la table outils: 6
[2025-01-11 00:25:31] Exemple d'entrée dans outils: Array
(
    [id] => 1
    [nom] => Perceuse Thomas
    [description] => Perceuse électrique professionnelle
    [categorie] => Outillage électrique
    [etat] => disponible
    [date_creation] => 2025-01-08 19:14:08
    [date_modification] => 2025-01-08 19:14:08
)

[2025-01-11 00:25:31] Nombre d'entrées dans la table register_entries: 0
[2025-01-11 00:25:31] Terme recherché : rapport
[2025-01-11 00:25:31] Pattern de recherche : %rapport%
[2025-01-11 00:25:31] Articles trouvés : 0
[2025-01-11 00:25:31] Termes étendus pour 'rapport': rapport
[2025-01-11 00:25:31] Requête formations SQL : SELECT id, titre as title, 
                   CONCAT(titre, ' - ', description) as content,
                   date_debut as created_at, 
                   'formation' as type, 
                   'modules/formations/formations/voir.php' as link_prefix
                FROM formations_formations
                WHERE LOWER(CONVERT(CONCAT(titre, ' ', description) USING utf8)) LIKE :pattern0
[2025-01-11 00:25:31] Termes recherchés étendus : Array
(
    [:pattern0] => %rapport%
)

[2025-01-11 00:25:31] Formations trouvées : 0
[2025-01-11 00:25:31] Outils trouvés : 0
[2025-01-11 00:25:31] Entrées de registre trouvées : 0
[2025-01-11 00:25:31] Nombre total de résultats trouvés : 0
[2025-01-11 09:25:39] === Nouvelle recherche ===
[2025-01-11 09:25:39] Terme recherché : dev
[2025-01-11 09:25:39] Connexion à la base de données OK
[2025-01-11 09:25:39] Nombre d'entrées dans la table articles: 8
[2025-01-11 09:25:39] Exemple d'entrée dans articles: Array
(
    [id] => 1
    [titre] => Article de test
    [contenu] => <p>Ceci est un article de test pour vérifier le bon fonctionnement du système.</p>
    [image_url] => 
    [categorie] => Actualités
    [date_creation] => 2025-01-06 00:24:23
    [date_modification] => 2025-01-06 00:24:23
    [auteur_id] => 
    [statut] => publie
)

[2025-01-11 09:25:39] Nombre d'entrées dans la table formations_formations: 5
[2025-01-11 09:25:39] Exemple d'entrée dans formations_formations: Array
(
    [id] => 1
    [titre] => Formation PHP Avancé
    [description] => Apprenez les concepts avancés de PHP
    [date_debut] => 2025-01-15
    [date_fin] => 2025-01-20
    [statut] => planifiee
    [created_at] => 2025-01-01 03:54:29
    [updated_at] => 2025-01-01 03:54:29
)

[2025-01-11 09:25:39] Nombre d'entrées dans la table outils: 6
[2025-01-11 09:25:39] Exemple d'entrée dans outils: Array
(
    [id] => 1
    [nom] => Perceuse Thomas
    [description] => Perceuse électrique professionnelle
    [categorie] => Outillage électrique
    [etat] => disponible
    [date_creation] => 2025-01-08 19:14:08
    [date_modification] => 2025-01-08 19:14:08
)

[2025-01-11 09:25:39] Nombre d'entrées dans la table register_entries: 0
[2025-01-11 09:25:39] Terme recherché : dev
[2025-01-11 09:25:39] Pattern de recherche : %dev%
[2025-01-11 09:25:39] Articles trouvés : 0
[2025-01-11 09:25:39] Termes étendus pour 'dev': dev, développement, development, developpement, développeur, developer, programmation, coding, code
[2025-01-11 09:25:39] Requête formations SQL : SELECT id, titre as title, 
                   CONCAT(titre, ' - ', description) as content,
                   date_debut as created_at, 
                   'formation' as type, 
                   'modules/formations/formations/voir.php' as link_prefix
                FROM formations_formations
                WHERE LOWER(CONVERT(CONCAT(titre, ' ', description) USING utf8)) LIKE :pattern0 OR LOWER(CONVERT(CONCAT(titre, ' ', description) USING utf8)) LIKE :pattern1 OR LOWER(CONVERT(CONCAT(titre, ' ', description) USING utf8)) LIKE :pattern2 OR LOWER(CONVERT(CONCAT(titre, ' ', description) USING utf8)) LIKE :pattern3 OR LOWER(CONVERT(CONCAT(titre, ' ', description) USING utf8)) LIKE :pattern4 OR LOWER(CONVERT(CONCAT(titre, ' ', description) USING utf8)) LIKE :pattern5 OR LOWER(CONVERT(CONCAT(titre, ' ', description) USING utf8)) LIKE :pattern6 OR LOWER(CONVERT(CONCAT(titre, ' ', description) USING utf8)) LIKE :pattern7 OR LOWER(CONVERT(CONCAT(titre, ' ', description) USING utf8)) LIKE :pattern8
[2025-01-11 09:25:39] Termes recherchés étendus : Array
(
    [:pattern0] => %dev%
    [:pattern1] => %développement%
    [:pattern2] => %development%
    [:pattern3] => %developpement%
    [:pattern4] => %développeur%
    [:pattern5] => %developer%
    [:pattern6] => %programmation%
    [:pattern7] => %coding%
    [:pattern8] => %code%
)

[2025-01-11 09:25:39] Formations trouvées : 0
[2025-01-11 09:25:39] Outils trouvés : 0
[2025-01-11 09:25:39] Entrées de registre trouvées : 0
[2025-01-11 09:25:39] Nombre total de résultats trouvés : 0
[2025-01-11 09:25:48] === Nouvelle recherche ===
[2025-01-11 09:25:48] Terme recherché : rapport
[2025-01-11 09:25:48] Connexion à la base de données OK
[2025-01-11 09:25:48] Nombre d'entrées dans la table articles: 8
[2025-01-11 09:25:48] Exemple d'entrée dans articles: Array
(
    [id] => 1
    [titre] => Article de test
    [contenu] => <p>Ceci est un article de test pour vérifier le bon fonctionnement du système.</p>
    [image_url] => 
    [categorie] => Actualités
    [date_creation] => 2025-01-06 00:24:23
    [date_modification] => 2025-01-06 00:24:23
    [auteur_id] => 
    [statut] => publie
)

[2025-01-11 09:25:48] Nombre d'entrées dans la table formations_formations: 5
[2025-01-11 09:25:48] Exemple d'entrée dans formations_formations: Array
(
    [id] => 1
    [titre] => Formation PHP Avancé
    [description] => Apprenez les concepts avancés de PHP
    [date_debut] => 2025-01-15
    [date_fin] => 2025-01-20
    [statut] => planifiee
    [created_at] => 2025-01-01 03:54:29
    [updated_at] => 2025-01-01 03:54:29
)

[2025-01-11 09:25:48] Nombre d'entrées dans la table outils: 6
[2025-01-11 09:25:48] Exemple d'entrée dans outils: Array
(
    [id] => 1
    [nom] => Perceuse Thomas
    [description] => Perceuse électrique professionnelle
    [categorie] => Outillage électrique
    [etat] => disponible
    [date_creation] => 2025-01-08 19:14:08
    [date_modification] => 2025-01-08 19:14:08
)

[2025-01-11 09:25:48] Nombre d'entrées dans la table register_entries: 0
[2025-01-11 09:25:48] Terme recherché : rapport
[2025-01-11 09:25:48] Pattern de recherche : %rapport%
[2025-01-11 09:25:48] Articles trouvés : 0
[2025-01-11 09:25:48] Termes étendus pour 'rapport': rapport, reporting, document, documentation, compte-rendu, compte rendu
[2025-01-11 09:25:48] Requête formations SQL : SELECT id, titre as title, 
                   CONCAT(titre, ' - ', description) as content,
                   date_debut as created_at, 
                   'formation' as type, 
                   'modules/formations/formations/voir.php' as link_prefix
                FROM formations_formations
                WHERE LOWER(CONVERT(CONCAT(titre, ' ', description) USING utf8)) LIKE :pattern0 OR LOWER(CONVERT(CONCAT(titre, ' ', description) USING utf8)) LIKE :pattern1 OR LOWER(CONVERT(CONCAT(titre, ' ', description) USING utf8)) LIKE :pattern2 OR LOWER(CONVERT(CONCAT(titre, ' ', description) USING utf8)) LIKE :pattern3 OR LOWER(CONVERT(CONCAT(titre, ' ', description) USING utf8)) LIKE :pattern4 OR LOWER(CONVERT(CONCAT(titre, ' ', description) USING utf8)) LIKE :pattern5
[2025-01-11 09:25:48] Termes recherchés étendus : Array
(
    [:pattern0] => %rapport%
    [:pattern1] => %reporting%
    [:pattern2] => %document%
    [:pattern3] => %documentation%
    [:pattern4] => %compte-rendu%
    [:pattern5] => %compte rendu%
)

[2025-01-11 09:25:48] Formations trouvées : 0
[2025-01-11 09:25:48] Outils trouvés : 0
[2025-01-11 09:25:48] Entrées de registre trouvées : 0
[2025-01-11 09:25:48] Nombre total de résultats trouvés : 0
[2025-01-11 09:50:17] === Nouvelle recherche ===
[2025-01-11 09:50:17] Terme recherché : dev
[2025-01-11 09:50:17] Connexion à la base de données OK
[2025-01-11 09:50:17] Nombre d'entrées dans la table articles: 8
[2025-01-11 09:50:17] Exemple d'entrée dans articles: Array
(
    [id] => 1
    [titre] => Article de test
    [contenu] => <p>Ceci est un article de test pour vérifier le bon fonctionnement du système.</p>
    [image_url] => 
    [categorie] => Actualités
    [date_creation] => 2025-01-06 00:24:23
    [date_modification] => 2025-01-06 00:24:23
    [auteur_id] => 
    [statut] => publie
)

[2025-01-11 09:50:17] Nombre d'entrées dans la table formations_formations: 5
[2025-01-11 09:50:17] Exemple d'entrée dans formations_formations: Array
(
    [id] => 1
    [titre] => Formation PHP Avancé
    [description] => Apprenez les concepts avancés de PHP
    [date_debut] => 2025-01-15
    [date_fin] => 2025-01-20
    [statut] => planifiee
    [created_at] => 2025-01-01 03:54:29
    [updated_at] => 2025-01-01 03:54:29
)

[2025-01-11 09:50:17] Nombre d'entrées dans la table outils: 6
[2025-01-11 09:50:17] Exemple d'entrée dans outils: Array
(
    [id] => 1
    [nom] => Perceuse Thomas
    [description] => Perceuse électrique professionnelle
    [categorie] => Outillage électrique
    [etat] => disponible
    [date_creation] => 2025-01-08 19:14:08
    [date_modification] => 2025-01-08 19:14:08
)

[2025-01-11 09:50:17] Nombre d'entrées dans la table register_entries: 0
[2025-01-11 09:50:17] Terme recherché : dev
[2025-01-11 09:50:17] Pattern de recherche : %dev%
[2025-01-11 09:50:17] Articles trouvés : 0
[2025-01-11 09:50:17] Toutes les formations disponibles :
[2025-01-11 09:50:17] - Formation PHP Avancé : Apprenez les concepts avancés de PHP
[2025-01-11 09:50:17] - Formation JavaScript : Les bases de JavaScript
[2025-01-11 09:50:17] - Formation SQL : Maîtrisez les bases de données
[2025-01-11 09:50:17] - Formation PHP Avancé : Apprenez les concepts avancés de PHP
[2025-01-11 09:50:17] - Formation Sécurité Web : Sécurisez vos applications web
[2025-01-11 09:50:17] Termes étendus pour 'dev': dev, développement, development, developpement, développeur, developer, programmation, coding, code
[2025-01-11 09:50:17] Requête formations SQL : SELECT id, titre as title, 
                   CONCAT(titre, ' - ', description) as content,
                   date_debut as created_at, 
                   'formation' as type, 
                   'modules/formations/formations/voir.php' as link_prefix
                FROM formations_formations
                WHERE LOWER(CONVERT(CONCAT(titre, ' ', description) USING utf8)) LIKE :pattern0 OR LOWER(CONVERT(CONCAT(titre, ' ', description) USING utf8)) LIKE :pattern1 OR LOWER(CONVERT(CONCAT(titre, ' ', description) USING utf8)) LIKE :pattern2 OR LOWER(CONVERT(CONCAT(titre, ' ', description) USING utf8)) LIKE :pattern3 OR LOWER(CONVERT(CONCAT(titre, ' ', description) USING utf8)) LIKE :pattern4 OR LOWER(CONVERT(CONCAT(titre, ' ', description) USING utf8)) LIKE :pattern5 OR LOWER(CONVERT(CONCAT(titre, ' ', description) USING utf8)) LIKE :pattern6 OR LOWER(CONVERT(CONCAT(titre, ' ', description) USING utf8)) LIKE :pattern7 OR LOWER(CONVERT(CONCAT(titre, ' ', description) USING utf8)) LIKE :pattern8
[2025-01-11 09:50:17] Termes recherchés étendus : Array
(
    [:pattern0] => %dev%
    [:pattern1] => %développement%
    [:pattern2] => %development%
    [:pattern3] => %developpement%
    [:pattern4] => %développeur%
    [:pattern5] => %developer%
    [:pattern6] => %programmation%
    [:pattern7] => %coding%
    [:pattern8] => %code%
)

[2025-01-11 09:50:17] Formations trouvées : 0
[2025-01-11 09:50:17] Outils trouvés : 0
[2025-01-11 09:50:17] Entrées de registre trouvées : 0
[2025-01-11 09:50:17] Nombre total de résultats trouvés : 0
[2025-01-11 09:51:58] === Nouvelle recherche ===
[2025-01-11 09:51:58] Terme recherché : lan
[2025-01-11 09:51:58] Connexion à la base de données OK
[2025-01-11 09:51:58] Nombre d'entrées dans la table articles: 8
[2025-01-11 09:51:58] Exemple d'entrée dans articles: Array
(
    [id] => 1
    [titre] => Article de test
    [contenu] => <p>Ceci est un article de test pour vérifier le bon fonctionnement du système.</p>
    [image_url] => 
    [categorie] => Actualités
    [date_creation] => 2025-01-06 00:24:23
    [date_modification] => 2025-01-06 00:24:23
    [auteur_id] => 
    [statut] => publie
)

[2025-01-11 09:51:58] Nombre d'entrées dans la table formations_formations: 5
[2025-01-11 09:51:58] Exemple d'entrée dans formations_formations: Array
(
    [id] => 1
    [titre] => Formation PHP Avancé
    [description] => Apprenez les concepts avancés de PHP
    [date_debut] => 2025-01-15
    [date_fin] => 2025-01-20
    [statut] => planifiee
    [created_at] => 2025-01-01 03:54:29
    [updated_at] => 2025-01-01 03:54:29
)

[2025-01-11 09:51:58] Nombre d'entrées dans la table outils: 6
[2025-01-11 09:51:58] Exemple d'entrée dans outils: Array
(
    [id] => 1
    [nom] => Perceuse Thomas
    [description] => Perceuse électrique professionnelle
    [categorie] => Outillage électrique
    [etat] => disponible
    [date_creation] => 2025-01-08 19:14:08
    [date_modification] => 2025-01-08 19:14:08
)

[2025-01-11 09:51:58] Nombre d'entrées dans la table register_entries: 0
[2025-01-11 09:51:58] Terme recherché : lan
[2025-01-11 09:51:58] Pattern de recherche : %lan%
[2025-01-11 09:51:58] Articles trouvés : 2
[2025-01-11 09:51:58] Toutes les formations disponibles :
[2025-01-11 09:51:58] - Formation PHP Avancé : Apprenez les concepts avancés de PHP
[2025-01-11 09:51:58] - Formation JavaScript : Les bases de JavaScript
[2025-01-11 09:51:58] - Formation SQL : Maîtrisez les bases de données
[2025-01-11 09:51:58] - Formation PHP Avancé : Apprenez les concepts avancés de PHP
[2025-01-11 09:51:58] - Formation Sécurité Web : Sécurisez vos applications web
[2025-01-11 09:51:58] Termes étendus pour 'lan': lan
[2025-01-11 09:51:58] Requête formations SQL : SELECT id, titre as title, 
                   CONCAT(titre, ' - ', description) as content,
                   date_debut as created_at, 
                   'formation' as type, 
                   'modules/formations/formations/voir.php' as link_prefix
                FROM formations_formations
                WHERE LOWER(CONVERT(CONCAT(titre, ' ', description) USING utf8)) LIKE :pattern0
[2025-01-11 09:51:58] Termes recherchés étendus : Array
(
    [:pattern0] => %lan%
)

[2025-01-11 09:51:58] Formations trouvées : 0
[2025-01-11 09:51:58] Outils trouvés : 0
[2025-01-11 09:51:58] Entrées de registre trouvées : 0
[2025-01-11 09:51:58] Nombre total de résultats trouvés : 2
[2025-01-11 09:51:58] Premier résultat : Array
(
    [id] => 3
    [title] => Comment optimiser votre productivité
    [content] => <p>La productivité est essentielle dans notre monde professionnel moderne. Voici quelques conseils pour améliorer votre efficacité au quotidien.</p>
                         <h3>Les points clés</h3>
                         <ol>
                             <li>Planifiez votre journée la veille</li>
                             <li>Utilisez la technique Pomodoro</li>
                             <li>Faites des pauses régulières</li>
                             <li>Éliminez les distractions</li>
                         </ol>
    [created_at] => 2025-01-06 00:26:18
    [type] => article
    [link_prefix] => modules/articles/voir.php
)

[2025-01-11 09:52:07] === Nouvelle recherche ===
[2025-01-11 09:52:07] Terme recherché : lancement
[2025-01-11 09:52:07] Connexion à la base de données OK
[2025-01-11 09:52:07] Nombre d'entrées dans la table articles: 8
[2025-01-11 09:52:07] Exemple d'entrée dans articles: Array
(
    [id] => 1
    [titre] => Article de test
    [contenu] => <p>Ceci est un article de test pour vérifier le bon fonctionnement du système.</p>
    [image_url] => 
    [categorie] => Actualités
    [date_creation] => 2025-01-06 00:24:23
    [date_modification] => 2025-01-06 00:24:23
    [auteur_id] => 
    [statut] => publie
)

[2025-01-11 09:52:07] Nombre d'entrées dans la table formations_formations: 5
[2025-01-11 09:52:07] Exemple d'entrée dans formations_formations: Array
(
    [id] => 1
    [titre] => Formation PHP Avancé
    [description] => Apprenez les concepts avancés de PHP
    [date_debut] => 2025-01-15
    [date_fin] => 2025-01-20
    [statut] => planifiee
    [created_at] => 2025-01-01 03:54:29
    [updated_at] => 2025-01-01 03:54:29
)

[2025-01-11 09:52:07] Nombre d'entrées dans la table outils: 6
[2025-01-11 09:52:07] Exemple d'entrée dans outils: Array
(
    [id] => 1
    [nom] => Perceuse Thomas
    [description] => Perceuse électrique professionnelle
    [categorie] => Outillage électrique
    [etat] => disponible
    [date_creation] => 2025-01-08 19:14:08
    [date_modification] => 2025-01-08 19:14:08
)

[2025-01-11 09:52:07] Nombre d'entrées dans la table register_entries: 0
[2025-01-11 09:52:07] Terme recherché : lancement
[2025-01-11 09:52:07] Pattern de recherche : %lancement%
[2025-01-11 09:52:07] Articles trouvés : 0
[2025-01-11 09:52:07] Toutes les formations disponibles :
[2025-01-11 09:52:07] - Formation PHP Avancé : Apprenez les concepts avancés de PHP
[2025-01-11 09:52:07] - Formation JavaScript : Les bases de JavaScript
[2025-01-11 09:52:07] - Formation SQL : Maîtrisez les bases de données
[2025-01-11 09:52:07] - Formation PHP Avancé : Apprenez les concepts avancés de PHP
[2025-01-11 09:52:07] - Formation Sécurité Web : Sécurisez vos applications web
[2025-01-11 09:52:07] Termes étendus pour 'lancement': lancement
[2025-01-11 09:52:07] Requête formations SQL : SELECT id, titre as title, 
                   CONCAT(titre, ' - ', description) as content,
                   date_debut as created_at, 
                   'formation' as type, 
                   'modules/formations/formations/voir.php' as link_prefix
                FROM formations_formations
                WHERE LOWER(CONVERT(CONCAT(titre, ' ', description) USING utf8)) LIKE :pattern0
[2025-01-11 09:52:07] Termes recherchés étendus : Array
(
    [:pattern0] => %lancement%
)

[2025-01-11 09:52:07] Formations trouvées : 0
[2025-01-11 09:52:07] Outils trouvés : 0
[2025-01-11 09:52:07] Entrées de registre trouvées : 0
[2025-01-11 09:52:07] Nombre total de résultats trouvés : 0
[2025-01-11 11:11:06] === Nouvelle recherche ===
[2025-01-11 11:11:06] Terme recherché : dev
[2025-01-11 11:11:06] Connexion à la base de données OK
[2025-01-11 11:11:06] Nombre d'entrées dans la table articles: 8
[2025-01-11 11:11:06] Exemple d'entrée dans articles: Array
(
    [id] => 1
    [titre] => Article de test
    [contenu] => <p>Ceci est un article de test pour vérifier le bon fonctionnement du système.</p>
    [image_url] => 
    [categorie] => Actualités
    [date_creation] => 2025-01-06 00:24:23
    [date_modification] => 2025-01-06 00:24:23
    [auteur_id] => 
    [statut] => publie
)

[2025-01-11 11:11:06] Nombre d'entrées dans la table formations_formations: 5
[2025-01-11 11:11:06] Exemple d'entrée dans formations_formations: Array
(
    [id] => 1
    [titre] => Formation PHP Avancé
    [description] => Apprenez les concepts avancés de PHP
    [date_debut] => 2025-01-15
    [date_fin] => 2025-01-20
    [statut] => planifiee
    [created_at] => 2025-01-01 03:54:29
    [updated_at] => 2025-01-01 03:54:29
)

[2025-01-11 11:11:06] Nombre d'entrées dans la table outils: 6
[2025-01-11 11:11:06] Exemple d'entrée dans outils: Array
(
    [id] => 1
    [nom] => Perceuse Thomas
    [description] => Perceuse électrique professionnelle
    [categorie] => Outillage électrique
    [etat] => disponible
    [date_creation] => 2025-01-08 19:14:08
    [date_modification] => 2025-01-08 19:14:08
)

[2025-01-11 11:11:06] Nombre d'entrées dans la table register_entries: 0
[2025-01-11 11:11:06] Terme recherché : dev
[2025-01-11 11:11:06] Pattern de recherche : %dev%
[2025-01-11 11:11:06] Articles trouvés : 0
[2025-01-11 11:11:06] Toutes les formations disponibles :
[2025-01-11 11:11:06] - Formation PHP Avancé : Apprenez les concepts avancés de PHP
[2025-01-11 11:11:06] - Formation JavaScript : Les bases de JavaScript
[2025-01-11 11:11:06] - Formation SQL : Maîtrisez les bases de données
[2025-01-11 11:11:06] - Formation PHP Avancé : Apprenez les concepts avancés de PHP
[2025-01-11 11:11:06] - Formation Sécurité Web : Sécurisez vos applications web
[2025-01-11 11:11:06] Termes étendus pour 'dev': dev, développement, development, developpement, développeur, developer, programmation, coding, code
[2025-01-11 11:11:06] Requête formations SQL : SELECT id, titre as title, 
                   CONCAT(titre, ' - ', description) as content,
                   date_debut as created_at, 
                   'formation' as type, 
                   'modules/formations/formations/voir.php' as link_prefix
                FROM formations_formations
                WHERE LOWER(CONVERT(CONCAT(titre, ' ', description) USING utf8)) LIKE :pattern0 OR LOWER(CONVERT(CONCAT(titre, ' ', description) USING utf8)) LIKE :pattern1 OR LOWER(CONVERT(CONCAT(titre, ' ', description) USING utf8)) LIKE :pattern2 OR LOWER(CONVERT(CONCAT(titre, ' ', description) USING utf8)) LIKE :pattern3 OR LOWER(CONVERT(CONCAT(titre, ' ', description) USING utf8)) LIKE :pattern4 OR LOWER(CONVERT(CONCAT(titre, ' ', description) USING utf8)) LIKE :pattern5 OR LOWER(CONVERT(CONCAT(titre, ' ', description) USING utf8)) LIKE :pattern6 OR LOWER(CONVERT(CONCAT(titre, ' ', description) USING utf8)) LIKE :pattern7 OR LOWER(CONVERT(CONCAT(titre, ' ', description) USING utf8)) LIKE :pattern8
[2025-01-11 11:11:06] Termes recherchés étendus : Array
(
    [:pattern0] => %dev%
    [:pattern1] => %développement%
    [:pattern2] => %development%
    [:pattern3] => %developpement%
    [:pattern4] => %développeur%
    [:pattern5] => %developer%
    [:pattern6] => %programmation%
    [:pattern7] => %coding%
    [:pattern8] => %code%
)

[2025-01-11 11:11:06] Formations trouvées : 0
[2025-01-11 11:11:06] Outils trouvés : 0
[2025-01-11 11:11:06] Entrées de registre trouvées : 0
[2025-01-11 11:11:06] Nombre total de résultats trouvés : 0
[2025-01-11 12:08:48] === Nouvelle recherche ===
[2025-01-11 12:08:48] Terme recherché : dev
[2025-01-11 12:08:48] Formations disponibles : Array
(
    [0] => Array
        (
            [titre] => Formation PHP Avancé
            [description] => Apprenez les concepts avancés de PHP
        )

    [1] => Array
        (
            [titre] => Formation JavaScript
            [description] => Les bases de JavaScript
        )

    [2] => Array
        (
            [titre] => Formation SQL
            [description] => Maîtrisez les bases de données
        )

    [3] => Array
        (
            [titre] => Formation PHP Avancé
            [description] => Apprenez les concepts avancés de PHP
        )

    [4] => Array
        (
            [titre] => Formation Sécurité Web
            [description] => Sécurisez vos applications web
        )

)

[2025-01-11 12:08:48] Termes étendus : Array
(
    [0] => dev
    [1] => développement
    [2] => development
    [3] => developpement
    [4] => développeur
    [5] => developer
    [6] => programmation
    [7] => coding
    [8] => code
)

[2025-01-11 12:08:48] Requête SQL : SELECT id, titre as title, 
               CONCAT(titre, ' - ', description) as content,
               date_debut as created_at, 
               'formation' as type, 
               'modules/formations/formations/voir.php' as link_prefix
            FROM formations_formations
            WHERE ((LOWER(CONVERT(titre USING utf8)) LIKE :pattern0_1 
                         OR LOWER(CONVERT(description USING utf8)) LIKE :pattern0_2) OR (LOWER(CONVERT(titre USING utf8)) LIKE :pattern1_1 
                         OR LOWER(CONVERT(description USING utf8)) LIKE :pattern1_2) OR (LOWER(CONVERT(titre USING utf8)) LIKE :pattern2_1 
                         OR LOWER(CONVERT(description USING utf8)) LIKE :pattern2_2) OR (LOWER(CONVERT(titre USING utf8)) LIKE :pattern3_1 
                         OR LOWER(CONVERT(description USING utf8)) LIKE :pattern3_2) OR (LOWER(CONVERT(titre USING utf8)) LIKE :pattern4_1 
                         OR LOWER(CONVERT(description USING utf8)) LIKE :pattern4_2) OR (LOWER(CONVERT(titre USING utf8)) LIKE :pattern5_1 
                         OR LOWER(CONVERT(description USING utf8)) LIKE :pattern5_2) OR (LOWER(CONVERT(titre USING utf8)) LIKE :pattern6_1 
                         OR LOWER(CONVERT(description USING utf8)) LIKE :pattern6_2) OR (LOWER(CONVERT(titre USING utf8)) LIKE :pattern7_1 
                         OR LOWER(CONVERT(description USING utf8)) LIKE :pattern7_2) OR (LOWER(CONVERT(titre USING utf8)) LIKE :pattern8_1 
                         OR LOWER(CONVERT(description USING utf8)) LIKE :pattern8_2)) ORDER BY date_debut DESC
[2025-01-11 12:08:48] Paramètres : Array
(
    [:pattern0_1] => %dev%
    [:pattern0_2] => %dev%
    [:pattern1_1] => %développement%
    [:pattern1_2] => %développement%
    [:pattern2_1] => %development%
    [:pattern2_2] => %development%
    [:pattern3_1] => %developpement%
    [:pattern3_2] => %developpement%
    [:pattern4_1] => %développeur%
    [:pattern4_2] => %développeur%
    [:pattern5_1] => %developer%
    [:pattern5_2] => %developer%
    [:pattern6_1] => %programmation%
    [:pattern6_2] => %programmation%
    [:pattern7_1] => %coding%
    [:pattern7_2] => %coding%
    [:pattern8_1] => %code%
    [:pattern8_2] => %code%
)

[2025-01-11 12:08:48] Résultats : Array
(
)

[2025-01-11 12:10:27] === Nouvelle recherche ===
[2025-01-11 12:10:27] Terme recherché : dev
[2025-01-11 12:10:27] Formations disponibles : Array
(
    [0] => Array
        (
            [titre] => Formation PHP Avancé
            [description] => Apprenez les concepts avancés de PHP
        )

    [1] => Array
        (
            [titre] => Formation JavaScript
            [description] => Les bases de JavaScript
        )

    [2] => Array
        (
            [titre] => Formation SQL
            [description] => Maîtrisez les bases de données
        )

    [3] => Array
        (
            [titre] => Formation PHP Avancé
            [description] => Apprenez les concepts avancés de PHP
        )

    [4] => Array
        (
            [titre] => Formation Sécurité Web
            [description] => Sécurisez vos applications web
        )

)

[2025-01-11 12:10:27] Termes étendus : Array
(
    [0] => dev
    [1] => développement
    [2] => development
    [3] => developpement
    [4] => développeur
    [5] => developer
    [6] => programmation
    [7] => coding
    [8] => code
)

[2025-01-11 12:10:27] Requête SQL : SELECT id, titre as title, 
               CONCAT(titre, ' - ', COALESCE(description, '')) as content,
               COALESCE(date_debut, date_creation) as created_at, 
               'formation' as type, 
               'modules/formations/formations/voir.php' as link_prefix
            FROM formations_formations
            WHERE ((LOWER(CONVERT(titre USING utf8)) LIKE :pattern0_1 
                         OR LOWER(CONVERT(COALESCE(description, '') USING utf8)) LIKE :pattern0_2) OR (LOWER(CONVERT(titre USING utf8)) LIKE :pattern1_1 
                         OR LOWER(CONVERT(COALESCE(description, '') USING utf8)) LIKE :pattern1_2) OR (LOWER(CONVERT(titre USING utf8)) LIKE :pattern2_1 
                         OR LOWER(CONVERT(COALESCE(description, '') USING utf8)) LIKE :pattern2_2) OR (LOWER(CONVERT(titre USING utf8)) LIKE :pattern3_1 
                         OR LOWER(CONVERT(COALESCE(description, '') USING utf8)) LIKE :pattern3_2) OR (LOWER(CONVERT(titre USING utf8)) LIKE :pattern4_1 
                         OR LOWER(CONVERT(COALESCE(description, '') USING utf8)) LIKE :pattern4_2) OR (LOWER(CONVERT(titre USING utf8)) LIKE :pattern5_1 
                         OR LOWER(CONVERT(COALESCE(description, '') USING utf8)) LIKE :pattern5_2) OR (LOWER(CONVERT(titre USING utf8)) LIKE :pattern6_1 
                         OR LOWER(CONVERT(COALESCE(description, '') USING utf8)) LIKE :pattern6_2) OR (LOWER(CONVERT(titre USING utf8)) LIKE :pattern7_1 
                         OR LOWER(CONVERT(COALESCE(description, '') USING utf8)) LIKE :pattern7_2) OR (LOWER(CONVERT(titre USING utf8)) LIKE :pattern8_1 
                         OR LOWER(CONVERT(COALESCE(description, '') USING utf8)) LIKE :pattern8_2)) ORDER BY COALESCE(date_debut, date_creation) DESC
[2025-01-11 12:10:27] Paramètres : Array
(
    [:pattern0_1] => %dev%
    [:pattern0_2] => %dev%
    [:pattern1_1] => %développement%
    [:pattern1_2] => %développement%
    [:pattern2_1] => %development%
    [:pattern2_2] => %development%
    [:pattern3_1] => %developpement%
    [:pattern3_2] => %developpement%
    [:pattern4_1] => %développeur%
    [:pattern4_2] => %développeur%
    [:pattern5_1] => %developer%
    [:pattern5_2] => %developer%
    [:pattern6_1] => %programmation%
    [:pattern6_2] => %programmation%
    [:pattern7_1] => %coding%
    [:pattern7_2] => %coding%
    [:pattern8_1] => %code%
    [:pattern8_2] => %code%
)

[2025-01-11 12:10:27] Erreur PDO : SQLSTATE[42S22]: Column not found: 1054 Champ 'date_creation' inconnu dans field list
[2025-01-11 21:25:30] === Nouvelle recherche ===
[2025-01-11 21:25:30] Terme recherché : dev
[2025-01-11 21:25:30] Formations disponibles : Array
(
    [0] => Array
        (
            [titre] => Formation PHP Avancé
            [description] => Apprenez les concepts avancés de PHP
        )

    [1] => Array
        (
            [titre] => Formation JavaScript
            [description] => Les bases de JavaScript
        )

    [2] => Array
        (
            [titre] => Formation SQL
            [description] => Maîtrisez les bases de données
        )

    [3] => Array
        (
            [titre] => Formation PHP Avancé
            [description] => Apprenez les concepts avancés de PHP
        )

    [4] => Array
        (
            [titre] => Formation Sécurité Web
            [description] => Sécurisez vos applications web
        )

)

[2025-01-11 21:25:30] Termes étendus : Array
(
    [0] => dev
    [1] => développement
    [2] => development
    [3] => developpement
    [4] => développeur
    [5] => developer
    [6] => programmation
    [7] => coding
    [8] => code
)

[2025-01-11 21:25:30] Requête SQL : SELECT id, titre as title, 
               CONCAT(titre, ' - ', COALESCE(description, '')) as content,
               date_debut as created_at, 
               'formation' as type, 
               'modules/formations/formations/voir.php' as link_prefix
            FROM formations_formations
            WHERE ((LOWER(CONVERT(titre USING utf8)) LIKE :pattern0_1 
                         OR LOWER(CONVERT(COALESCE(description, '') USING utf8)) LIKE :pattern0_2) OR (LOWER(CONVERT(titre USING utf8)) LIKE :pattern1_1 
                         OR LOWER(CONVERT(COALESCE(description, '') USING utf8)) LIKE :pattern1_2) OR (LOWER(CONVERT(titre USING utf8)) LIKE :pattern2_1 
                         OR LOWER(CONVERT(COALESCE(description, '') USING utf8)) LIKE :pattern2_2) OR (LOWER(CONVERT(titre USING utf8)) LIKE :pattern3_1 
                         OR LOWER(CONVERT(COALESCE(description, '') USING utf8)) LIKE :pattern3_2) OR (LOWER(CONVERT(titre USING utf8)) LIKE :pattern4_1 
                         OR LOWER(CONVERT(COALESCE(description, '') USING utf8)) LIKE :pattern4_2) OR (LOWER(CONVERT(titre USING utf8)) LIKE :pattern5_1 
                         OR LOWER(CONVERT(COALESCE(description, '') USING utf8)) LIKE :pattern5_2) OR (LOWER(CONVERT(titre USING utf8)) LIKE :pattern6_1 
                         OR LOWER(CONVERT(COALESCE(description, '') USING utf8)) LIKE :pattern6_2) OR (LOWER(CONVERT(titre USING utf8)) LIKE :pattern7_1 
                         OR LOWER(CONVERT(COALESCE(description, '') USING utf8)) LIKE :pattern7_2) OR (LOWER(CONVERT(titre USING utf8)) LIKE :pattern8_1 
                         OR LOWER(CONVERT(COALESCE(description, '') USING utf8)) LIKE :pattern8_2)) ORDER BY date_debut DESC
[2025-01-11 21:25:30] Paramètres : Array
(
    [:pattern0_1] => %dev%
    [:pattern0_2] => %dev%
    [:pattern1_1] => %développement%
    [:pattern1_2] => %développement%
    [:pattern2_1] => %development%
    [:pattern2_2] => %development%
    [:pattern3_1] => %developpement%
    [:pattern3_2] => %developpement%
    [:pattern4_1] => %développeur%
    [:pattern4_2] => %développeur%
    [:pattern5_1] => %developer%
    [:pattern5_2] => %developer%
    [:pattern6_1] => %programmation%
    [:pattern6_2] => %programmation%
    [:pattern7_1] => %coding%
    [:pattern7_2] => %coding%
    [:pattern8_1] => %code%
    [:pattern8_2] => %code%
)

[2025-01-11 21:25:30] Résultats : Array
(
)

[2025-01-11 21:27:54] === Nouvelle recherche ===
[2025-01-11 21:27:54] Terme recherché : dev
[2025-01-11 21:27:54] Formations disponibles : Array
(
    [0] => Array
        (
            [titre] => Formation PHP Avancé
            [description] => Apprenez les concepts avancés de PHP
        )

    [1] => Array
        (
            [titre] => Formation JavaScript
            [description] => Les bases de JavaScript
        )

    [2] => Array
        (
            [titre] => Formation SQL
            [description] => Maîtrisez les bases de données
        )

    [3] => Array
        (
            [titre] => Formation PHP Avancé
            [description] => Apprenez les concepts avancés de PHP
        )

    [4] => Array
        (
            [titre] => Formation Sécurité Web
            [description] => Sécurisez vos applications web
        )

)

[2025-01-11 21:27:54] Termes étendus : Array
(
    [0] => dev
    [1] => développement
    [2] => development
    [3] => developpement
    [4] => développeur
    [5] => developer
    [6] => programmation
    [7] => coding
    [8] => code
)

[2025-01-11 21:27:54] Termes de recherche FULLTEXT : +dev* +développement* +development* +developpement* +développeur* +developer* +programmation* +coding* +code*
[2025-01-11 21:27:54] Erreur PDO : SQLSTATE[HY093]: Invalid parameter number
[2025-01-11 21:31:02] === Nouvelle recherche ===
[2025-01-11 21:31:02] Terme recherché : dev
[2025-01-11 21:31:02] Formations disponibles : Array
(
    [0] => Array
        (
            [titre] => Formation PHP Avancé
            [description] => Apprenez les concepts avancés de PHP
        )

    [1] => Array
        (
            [titre] => Formation JavaScript
            [description] => Les bases de JavaScript
        )

    [2] => Array
        (
            [titre] => Formation SQL
            [description] => Maîtrisez les bases de données
        )

    [3] => Array
        (
            [titre] => Formation PHP Avancé
            [description] => Apprenez les concepts avancés de PHP
        )

    [4] => Array
        (
            [titre] => Formation Sécurité Web
            [description] => Sécurisez vos applications web
        )

)

[2025-01-11 21:31:02] Termes étendus : Array
(
    [0] => dev
    [1] => développement
    [2] => development
    [3] => developpement
    [4] => développeur
    [5] => developer
    [6] => programmation
    [7] => coding
    [8] => code
)

[2025-01-11 21:31:02] Requête SQL : SELECT id, titre as title, 
               CONCAT(titre, ' - ', COALESCE(description, '')) as content,
               date_debut as created_at, 
               'formation' as type, 
               'modules/formations/formations/voir.php' as link_prefix
            FROM formations_formations
            WHERE ((LOWER(CONVERT(titre USING utf8)) LIKE :pattern0_1 
                         OR LOWER(CONVERT(COALESCE(description, '') USING utf8)) LIKE :pattern0_2) OR (LOWER(CONVERT(titre USING utf8)) LIKE :pattern1_1 
                         OR LOWER(CONVERT(COALESCE(description, '') USING utf8)) LIKE :pattern1_2) OR (LOWER(CONVERT(titre USING utf8)) LIKE :pattern2_1 
                         OR LOWER(CONVERT(COALESCE(description, '') USING utf8)) LIKE :pattern2_2) OR (LOWER(CONVERT(titre USING utf8)) LIKE :pattern3_1 
                         OR LOWER(CONVERT(COALESCE(description, '') USING utf8)) LIKE :pattern3_2) OR (LOWER(CONVERT(titre USING utf8)) LIKE :pattern4_1 
                         OR LOWER(CONVERT(COALESCE(description, '') USING utf8)) LIKE :pattern4_2) OR (LOWER(CONVERT(titre USING utf8)) LIKE :pattern5_1 
                         OR LOWER(CONVERT(COALESCE(description, '') USING utf8)) LIKE :pattern5_2) OR (LOWER(CONVERT(titre USING utf8)) LIKE :pattern6_1 
                         OR LOWER(CONVERT(COALESCE(description, '') USING utf8)) LIKE :pattern6_2) OR (LOWER(CONVERT(titre USING utf8)) LIKE :pattern7_1 
                         OR LOWER(CONVERT(COALESCE(description, '') USING utf8)) LIKE :pattern7_2) OR (LOWER(CONVERT(titre USING utf8)) LIKE :pattern8_1 
                         OR LOWER(CONVERT(COALESCE(description, '') USING utf8)) LIKE :pattern8_2)) ORDER BY date_debut DESC
[2025-01-11 21:31:02] Paramètres : Array
(
    [:pattern0_1] => %dev%
    [:pattern0_2] => %dev%
    [:pattern1_1] => %développement%
    [:pattern1_2] => %développement%
    [:pattern2_1] => %development%
    [:pattern2_2] => %development%
    [:pattern3_1] => %developpement%
    [:pattern3_2] => %developpement%
    [:pattern4_1] => %développeur%
    [:pattern4_2] => %développeur%
    [:pattern5_1] => %developer%
    [:pattern5_2] => %developer%
    [:pattern6_1] => %programmation%
    [:pattern6_2] => %programmation%
    [:pattern7_1] => %coding%
    [:pattern7_2] => %coding%
    [:pattern8_1] => %code%
    [:pattern8_2] => %code%
)

[2025-01-11 21:31:02] Résultats : Array
(
)

[2025-01-11 22:14:06] === Nouvelle recherche ===
[2025-01-11 22:14:06] Terme recherché : dev
[2025-01-11 22:14:06] Formations disponibles : Array
(
    [0] => Array
        (
            [titre] => Formation PHP Avancé
            [description] => Apprenez les concepts avancés de PHP
        )

    [1] => Array
        (
            [titre] => Formation JavaScript
            [description] => Les bases de JavaScript
        )

    [2] => Array
        (
            [titre] => Formation SQL
            [description] => Maîtrisez les bases de données
        )

    [3] => Array
        (
            [titre] => Formation PHP Avancé
            [description] => Apprenez les concepts avancés de PHP
        )

    [4] => Array
        (
            [titre] => Formation Sécurité Web
            [description] => Sécurisez vos applications web
        )

)

[2025-01-11 22:14:06] Termes étendus : Array
(
    [0] => dev
    [1] => développement
    [2] => development
    [3] => developpement
    [4] => développeur
    [5] => developer
    [6] => programmation
    [7] => coding
    [8] => code
)

[2025-01-11 22:14:06] Termes de recherche FULLTEXT : dev développement development developpement développeur developer programmation coding code
[2025-01-11 22:14:06] Erreur PDO : SQLSTATE[HY093]: Invalid parameter number
[2025-01-11 22:15:26] === Nouvelle recherche ===
[2025-01-11 22:15:26] Terme recherché : dev
[2025-01-11 22:15:26] Formations disponibles : Array
(
    [0] => Array
        (
            [titre] => Formation PHP Avancé
            [description] => Apprenez les concepts avancés de PHP
        )

    [1] => Array
        (
            [titre] => Formation JavaScript
            [description] => Les bases de JavaScript
        )

    [2] => Array
        (
            [titre] => Formation SQL
            [description] => Maîtrisez les bases de données
        )

    [3] => Array
        (
            [titre] => Formation PHP Avancé
            [description] => Apprenez les concepts avancés de PHP
        )

    [4] => Array
        (
            [titre] => Formation Sécurité Web
            [description] => Sécurisez vos applications web
        )

)

[2025-01-11 22:15:26] Termes étendus : Array
(
    [0] => dev
    [1] => développement
    [2] => development
    [3] => developpement
    [4] => développeur
    [5] => developer
    [6] => programmation
    [7] => coding
    [8] => code
)

[2025-01-11 22:15:26] Requête SQL : SELECT id, titre as title, 
               CONCAT(titre, ' - ', COALESCE(description, '')) as content,
               date_debut as created_at, 
               'formation' as type, 
               'modules/formations/formations/voir.php' as link_prefix
            FROM formations_formations
            WHERE LOWER(CONCAT(titre, ' ', COALESCE(description, ''))) LIKE :pattern
            ORDER BY date_debut DESC
[2025-01-11 22:15:26] Pattern : %dev développement development developpement développeur developer programmation coding code%
[2025-01-11 22:15:26] Résultats : Array
(
)

[2025-01-11 22:17:28] === Nouvelle recherche ===
[2025-01-11 22:17:28] Terme recherché : dev
[2025-01-11 22:17:28] Formations disponibles : Array
(
    [0] => Array
        (
            [titre] => Formation PHP Avancé
            [description] => Apprenez les concepts avancés de PHP
        )

    [1] => Array
        (
            [titre] => Formation JavaScript
            [description] => Les bases de JavaScript
        )

    [2] => Array
        (
            [titre] => Formation SQL
            [description] => Maîtrisez les bases de données
        )

    [3] => Array
        (
            [titre] => Formation PHP Avancé
            [description] => Apprenez les concepts avancés de PHP
        )

    [4] => Array
        (
            [titre] => Formation Sécurité Web
            [description] => Sécurisez vos applications web
        )

)

[2025-01-11 22:17:28] Termes étendus : Array
(
    [0] => dev
    [1] => développement
    [2] => development
    [3] => developpement
    [4] => développeur
    [5] => developer
    [6] => programmation
    [7] => coding
    [8] => code
)

[2025-01-11 22:17:28] Requête SQL : SELECT id, titre as title, 
               CONCAT(titre, ' - ', COALESCE(description, '')) as content,
               date_debut as created_at, 
               'formation' as type, 
               'modules/formations/formations/voir.php' as link_prefix
            FROM formations_formations
            WHERE (LOWER(CONCAT(titre, ' ', COALESCE(description, ''))) LIKE :pattern0 OR LOWER(CONCAT(titre, ' ', COALESCE(description, ''))) LIKE :pattern1 OR LOWER(CONCAT(titre, ' ', COALESCE(description, ''))) LIKE :pattern2 OR LOWER(CONCAT(titre, ' ', COALESCE(description, ''))) LIKE :pattern3 OR LOWER(CONCAT(titre, ' ', COALESCE(description, ''))) LIKE :pattern4 OR LOWER(CONCAT(titre, ' ', COALESCE(description, ''))) LIKE :pattern5 OR LOWER(CONCAT(titre, ' ', COALESCE(description, ''))) LIKE :pattern6 OR LOWER(CONCAT(titre, ' ', COALESCE(description, ''))) LIKE :pattern7 OR LOWER(CONCAT(titre, ' ', COALESCE(description, ''))) LIKE :pattern8) ORDER BY date_debut DESC
[2025-01-11 22:17:28] Paramètres : Array
(
    [:pattern0] => %dev%
    [:pattern1] => %développement%
    [:pattern2] => %development%
    [:pattern3] => %developpement%
    [:pattern4] => %développeur%
    [:pattern5] => %developer%
    [:pattern6] => %programmation%
    [:pattern7] => %coding%
    [:pattern8] => %code%
)

[2025-01-11 22:17:28] Résultats : Array
(
)

